<?xml version="1.0" encoding="UTF-8"?>
<testng-results skipped="0" failed="0" total="1" passed="1">
  <reporter-output>
  </reporter-output>
  <suite name="Default suite" duration-ms="110564" started-at="2017-07-28T11:45:32Z" finished-at="2017-07-28T11:47:23Z">
    <groups>
    </groups>
    <test name="Default test" duration-ms="110564" started-at="2017-07-28T11:45:32Z" finished-at="2017-07-28T11:47:23Z">
      <class name="Datalicious">
        <test-method status="PASS" signature="beforClass()[pri:0, instance:Datalicious@7f010382]" name="beforClass" is-config="true" duration-ms="9779" started-at="2017-07-28T17:15:32Z" finished-at="2017-07-28T17:15:42Z">
          <reporter-output>
          </reporter-output>
        </test-method> <!-- beforClass -->
        <test-method status="PASS" signature="clickonGoogle()[pri:0, instance:Datalicious@7f010382]" name="clickonGoogle" duration-ms="99636" started-at="2017-07-28T17:15:42Z" finished-at="2017-07-28T17:17:21Z">
          <reporter-output>
          </reporter-output>
        </test-method> <!-- clickonGoogle -->
        <test-method status="PASS" signature="afterClass()[pri:0, instance:Datalicious@7f010382]" name="afterClass" is-config="true" duration-ms="1114" started-at="2017-07-28T17:17:21Z" finished-at="2017-07-28T17:17:22Z">
          <reporter-output>
          </reporter-output>
        </test-method> <!-- afterClass -->
      </class> <!-- Datalicious -->
    </test> <!-- Default test -->
  </suite> <!-- Default suite -->
</testng-results>
